<?xml version="1.0" encoding="UTF-8"?>
<robot generator="Robot 5.0.1 (Python 3.9.13 on darwin)" generated="20221123 18:10:32.603" rpa="true" schemaversion="3">
<suite id="s1" name="Tasks" source="/Users/amine/Documents/VsProjects/bots/robocorp-cert2-bot/tasks.robot">
<test id="s1-t1" name="Minimal task" line="6">
<kw name="Log" library="BuiltIn">
<arg>Hello and welcome to Robocorp cert 2.</arg>
<doc>Logs the given message with the given level.</doc>
<msg timestamp="20221123 18:10:32.699" level="INFO">Hello and welcome to Robocorp cert 2.</msg>
<status status="PASS" starttime="20221123 18:10:32.698" endtime="20221123 18:10:32.701"/>
</kw>
<status status="PASS" starttime="20221123 18:10:32.695" endtime="20221123 18:10:32.702"/>
</test>
<doc>Template robot main suite.</doc>
<status status="PASS" starttime="20221123 18:10:32.615" endtime="20221123 18:10:32.705"/>
</suite>
<statistics>
<total>
<stat pass="1" fail="0" skip="0">All Tasks</stat>
</total>
<tag>
</tag>
<suite>
<stat pass="1" fail="0" skip="0" id="s1" name="Tasks">Tasks</stat>
</suite>
</statistics>
<errors>
</errors>
</robot>
